<?xml version="1.0" encoding="UTF-8"?>
<testsuite xmlns:xsi="http://www.w3.org/2001/XMLSchema-instance" xsi:noNamespaceSchemaLocation="https://maven.apache.org/surefire/maven-surefire-plugin/xsd/surefire-test-report-3.0.xsd" version="3.0" name="com.swt.util.mathutil.core.MathUtilityDDTTest" time="0.461" tests="7" errors="0" skipped="0" failures="0">
  <properties>
    <property name="java.specification.version" value="24"/>
    <property name="sun.cpu.isalist" value="amd64"/>
    <property name="sun.jnu.encoding" value="Cp1252"/>
    <property name="java.class.path" value="C:\Users\trantienhunggg\IdeaProjects\mathutil\target\test-classes;C:\Users\trantienhunggg\IdeaProjects\mathutil\target\classes;C:\Users\trantienhunggg\.m2\repository\junit\junit\4.13.2\junit-4.13.2.jar;C:\Users\trantienhunggg\.m2\repository\org\hamcrest\hamcrest-core\1.3\hamcrest-core-1.3.jar;C:\Users\trantienhunggg\.m2\repository\org\junit\jupiter\junit-jupiter\5.13.1\junit-jupiter-5.13.1.jar;C:\Users\trantienhunggg\.m2\repository\org\junit\jupiter\junit-jupiter-api\5.13.1\junit-jupiter-api-5.13.1.jar;C:\Users\trantienhunggg\.m2\repository\org\opentest4j\opentest4j\1.3.0\opentest4j-1.3.0.jar;C:\Users\trantienhunggg\.m2\repository\org\junit\platform\junit-platform-commons\1.13.1\junit-platform-commons-1.13.1.jar;C:\Users\trantienhunggg\.m2\repository\org\apiguardian\apiguardian-api\1.1.2\apiguardian-api-1.1.2.jar;C:\Users\trantienhunggg\.m2\repository\org\junit\jupiter\junit-jupiter-params\5.13.1\junit-jupiter-params-5.13.1.jar;C:\Users\trantienhunggg\.m2\repository\org\junit\jupiter\junit-jupiter-engine\5.13.1\junit-jupiter-engine-5.13.1.jar;C:\Users\trantienhunggg\.m2\repository\org\junit\platform\junit-platform-engine\1.13.1\junit-platform-engine-1.13.1.jar;"/>
    <property name="java.vm.vendor" value="Oracle Corporation"/>
    <property name="sun.arch.data.model" value="64"/>
    <property name="user.variant" value=""/>
    <property name="java.vendor.url" value="https://java.oracle.com/"/>
    <property name="user.timezone" value="Asia/Saigon"/>
    <property name="os.name" value="Windows 11"/>
    <property name="java.vm.specification.version" value="24"/>
    <property name="sun.java.launcher" value="SUN_STANDARD"/>
    <property name="user.country" value="US"/>
    <property name="sun.boot.library.path" value="C:\Program Files\Java\jdk-24\bin"/>
    <property name="sun.java.command" value="C:\Users\trantienhunggg\AppData\Local\Temp\surefire3845220379814622799\surefirebooter-20250614102719561_3.jar C:\Users\trantienhunggg\AppData\Local\Temp\surefire3845220379814622799 2025-06-14T10-27-18_833-jvmRun1 surefire-20250614102719561_1tmp surefire_0-20250614102719561_2tmp"/>
    <property name="jdk.debug" value="release"/>
    <property name="surefire.test.class.path" value="C:\Users\trantienhunggg\IdeaProjects\mathutil\target\test-classes;C:\Users\trantienhunggg\IdeaProjects\mathutil\target\classes;C:\Users\trantienhunggg\.m2\repository\junit\junit\4.13.2\junit-4.13.2.jar;C:\Users\trantienhunggg\.m2\repository\org\hamcrest\hamcrest-core\1.3\hamcrest-core-1.3.jar;C:\Users\trantienhunggg\.m2\repository\org\junit\jupiter\junit-jupiter\5.13.1\junit-jupiter-5.13.1.jar;C:\Users\trantienhunggg\.m2\repository\org\junit\jupiter\junit-jupiter-api\5.13.1\junit-jupiter-api-5.13.1.jar;C:\Users\trantienhunggg\.m2\repository\org\opentest4j\opentest4j\1.3.0\opentest4j-1.3.0.jar;C:\Users\trantienhunggg\.m2\repository\org\junit\platform\junit-platform-commons\1.13.1\junit-platform-commons-1.13.1.jar;C:\Users\trantienhunggg\.m2\repository\org\apiguardian\apiguardian-api\1.1.2\apiguardian-api-1.1.2.jar;C:\Users\trantienhunggg\.m2\repository\org\junit\jupiter\junit-jupiter-params\5.13.1\junit-jupiter-params-5.13.1.jar;C:\Users\trantienhunggg\.m2\repository\org\junit\jupiter\junit-jupiter-engine\5.13.1\junit-jupiter-engine-5.13.1.jar;C:\Users\trantienhunggg\.m2\repository\org\junit\platform\junit-platform-engine\1.13.1\junit-platform-engine-1.13.1.jar;"/>
    <property name="sun.cpu.endian" value="little"/>
    <property name="user.home" value="C:\Users\trantienhunggg"/>
    <property name="user.language" value="en"/>
    <property name="java.specification.vendor" value="Oracle Corporation"/>
    <property name="java.version.date" value="2025-04-15"/>
    <property name="java.home" value="C:\Program Files\Java\jdk-24"/>
    <property name="file.separator" value="\"/>
    <property name="basedir" value="C:\Users\trantienhunggg\IdeaProjects\mathutil"/>
    <property name="java.vm.compressedOopsMode" value="Zero based"/>
    <property name="line.separator" value="&#10;"/>
    <property name="java.vm.specification.vendor" value="Oracle Corporation"/>
    <property name="java.specification.name" value="Java Platform API Specification"/>
    <property name="surefire.real.class.path" value="C:\Users\trantienhunggg\AppData\Local\Temp\surefire3845220379814622799\surefirebooter-20250614102719561_3.jar"/>
    <property name="user.script" value=""/>
    <property name="sun.management.compiler" value="HotSpot 64-Bit Tiered Compilers"/>
    <property name="java.runtime.version" value="24.0.1+9-30"/>
    <property name="user.name" value="trantienhunggg"/>
    <property name="stdout.encoding" value="Cp1252"/>
    <property name="path.separator" value=";"/>
    <property name="os.version" value="10.0"/>
    <property name="java.runtime.name" value="Java(TM) SE Runtime Environment"/>
    <property name="file.encoding" value="UTF-8"/>
    <property name="java.vm.name" value="Java HotSpot(TM) 64-Bit Server VM"/>
    <property name="localRepository" value="C:\Users\trantienhunggg\.m2\repository"/>
    <property name="java.vendor.url.bug" value="https://bugreport.java.com/bugreport/"/>
    <property name="java.io.tmpdir" value="C:\Users\TRANTI~1\AppData\Local\Temp\"/>
    <property name="java.version" value="24.0.1"/>
    <property name="user.dir" value="C:\Users\trantienhunggg\IdeaProjects\mathutil"/>
    <property name="os.arch" value="amd64"/>
    <property name="java.vm.specification.name" value="Java Virtual Machine Specification"/>
    <property name="sun.os.patch.level" value=""/>
    <property name="native.encoding" value="Cp1252"/>
    <property name="java.library.path" value="C:\Program Files\Java\jdk-24\bin;C:\WINDOWS\Sun\Java\bin;C:\WINDOWS\system32;C:\WINDOWS;C:\Python313\Scripts\;C:\Python313\;C:\WINDOWS\system32;C:\WINDOWS;C:\WINDOWS\System32\Wbem;C:\WINDOWS\System32\WindowsPowerShell\v1.0\;C:\WINDOWS\System32\OpenSSH\;C:\Program Files (x86)\Microsoft SQL Server\160\Tools\Binn\;C:\Program Files\Microsoft SQL Server\160\Tools\Binn\;C:\Program Files\Microsoft SQL Server\Client SDK\ODBC\170\Tools\Binn\;C:\Program Files\Microsoft SQL Server\160\DTS\Binn\;C:\Program Files (x86)\Microsoft SQL Server\160\DTS\Binn\;C:\Program Files\nodejs\;C:\ProgramData\chocolatey\bin;%JAVA_HOME%\BIN;%M2_HOME%\BIN;C:\Users\trantienhunggg\AppData\Local\Microsoft\WindowsApps;C:\Users\trantienhunggg\AppData\Local\Programs\Microsoft VS Code\bin;C:\Users\trantienhunggg\AppData\Local\GitHubDesktop\bin;C:\Users\trantienhunggg\AppData\Roaming\npm;C:\Program Files\nodejs;C:\Program Files\apache-maven-3.9.9\BIN;C:\Program Files\Java\jdk-24\BIN;;."/>
    <property name="java.vm.info" value="mixed mode, sharing"/>
    <property name="stderr.encoding" value="Cp1252"/>
    <property name="java.vendor" value="Oracle Corporation"/>
    <property name="java.vm.version" value="24.0.1+9-30"/>
    <property name="sun.io.unicode.encoding" value="UnicodeLittle"/>
    <property name="java.class.version" value="68.0"/>
  </properties>
  <testcase name="testFactorialGivenRightArgsRunWell(int, long)[1]" classname="com.swt.util.mathutil.core.MathUtilityDDTTest" time="0.183"/>
  <testcase name="testFactorialGivenRightArgsRunWell(int, long)[2]" classname="com.swt.util.mathutil.core.MathUtilityDDTTest" time="0.002"/>
  <testcase name="testFactorialGivenRightArgsRunWell(int, long)[3]" classname="com.swt.util.mathutil.core.MathUtilityDDTTest" time="0.002"/>
  <testcase name="testFactorialGivenRightArgsRunWell(int, long)[4]" classname="com.swt.util.mathutil.core.MathUtilityDDTTest" time="0.002"/>
  <testcase name="testFactorialGivenRightArgsRunWell(int, long)[5]" classname="com.swt.util.mathutil.core.MathUtilityDDTTest" time="0.001"/>
  <testcase name="testFactorialGivenRightArgsRunWell(int, long)[6]" classname="com.swt.util.mathutil.core.MathUtilityDDTTest" time="0.001"/>
  <testcase name="testFactorialGivenRightArgsRunWell(int, long)[7]" classname="com.swt.util.mathutil.core.MathUtilityDDTTest" time="0.002"/>
</testsuite>